<component name="libraryTable">
  <library name="junit-4.12_d1ffdb26">
    <CLASSES>
      <root url="jar:///private/var/tmp/_bazel_prashantsharma/189a2d35d5a24bceeaa5d83c54a63e09/execroot/harness_monorepo/bazel-out/darwin_arm64-fastbuild/bin/external/maven/v1/http/jfrogdev.dev.harness.io%3A80/artifactory/portal-maven/junit/junit/4.12/junit-4.12.jar!/" />
    </CLASSES>
    <JAVADOC />
    <SOURCES />
  </library>
</component>